0 info it worked if it ends with ok
1 verbose cli [ 'node', '/usr/local/bin/npm', 'start' ]
2 info using npm@2.1.6
3 info using node@v0.10.33
4 verbose node symlink /usr/local/bin/node
5 verbose run-script [ 'prestart', 'start', 'poststart' ]
6 info prestart node-authentication@
7 info start node-authentication@
8 verbose unsafe-perm in lifecycle true
9 info node-authentication@ Failed to exec start script
10 verbose stack Error: node-authentication@ start: `node server.js`
10 verbose stack Exit status 8
10 verbose stack     at ChildProcess.<anonymous> (/usr/local/lib/node_modules/npm/lib/utils/lifecycle.js:212:16)
10 verbose stack     at ChildProcess.emit (events.js:98:17)
10 verbose stack     at maybeClose (child_process.js:756:16)
10 verbose stack     at Process.ChildProcess._handle.onexit (child_process.js:823:5)
11 verbose pkgid node-authentication@
12 verbose cwd /Users/apprentice/jarred/code-crush
13 error Darwin 14.0.0
14 error argv "node" "/usr/local/bin/npm" "start"
15 error node v0.10.33
16 error npm  v2.1.6
17 error code ELIFECYCLE
18 error node-authentication@ start: `node server.js`
18 error Exit status 8
19 error Failed at the node-authentication@ start script.
19 error This is most likely a problem with the node-authentication package,
19 error not with npm itself.
19 error Tell the author that this fails on your system:
19 error     node server.js
19 error You can get their info via:
19 error     npm owner ls node-authentication
19 error There is likely additional logging output above.
20 verbose exit [ 1, true ]
